<!DOCTYPE html>
<html>
<head>
    <title>MutPy mutation report - mutation #34</title>
    <meta name="viewport" content="width=device-width, initial-scale=1.0">
    <link rel="stylesheet" href="https://netdna.bootstrapcdn.com/bootstrap/3.0.3/css/bootstrap.min.css">
    
<link href="http://alexgorbatchev.com/pub/sh/current/styles/shCore.css" rel="stylesheet" type="text/css" />
<link href="http://alexgorbatchev.com/pub/sh/current/styles/shThemeDefault.css" rel="stylesheet" type="text/css" />

    <script src="https://code.jquery.com/jquery.js"></script>
    <script src="https://netdna.bootstrapcdn.com/bootstrap/3.0.3/js/bootstrap.min.js"></script>
    <!--[if lt IE 9]>
    <script src="https://oss.maxcdn.com/libs/html5shiv/3.7.0/html5shiv.js"></script>
    <script src="https://oss.maxcdn.com/libs/respond.js/1.3.0/respond.min.js"></script>
    <![endif]-->
    
<script src="http://alexgorbatchev.com/pub/sh/current/scripts/shCore.js" type="text/javascript"></script>
<script src="http://alexgorbatchev.com/pub/sh/current/scripts/shBrushPython.js" type="text/javascript"></script>
<script type="text/javascript">
    SyntaxHighlighter.all();
    window.setTimeout(function () {
        
        $('.line.number7').attr('title', 'ROR');
        
    }, 0);
</script>

</head>
<body>
    <div class="container">
        
<div class="page-header">
    <h1>Mutation #34</h1>
</div>
<h3>Details</h3>
<ul>
    <li>module - <code><module 'simpson_integration' from 'C:\\Users\\Vidhish17\\Desktop\\SoftwareTesting\\python\\src\\simpson_integration.py'></code></li>
    <li><span class="label label-success">killed</span> by <code>simpson_integration_test.py::TestSimpsonIntegration::test_N_less_than_or_equal_zero</code></li>
    
    <li>duration - 0.032 s</li>
    
    
    <li>tests run - 1</li>
    
</ul>

<h3>Exception traceback</h3>
<pre>self = <simpson_integration_test.TestSimpsonIntegration testMethod=test_N_less_than_or_equal_zero>

    def test_N_less_than_or_equal_zero(self):
        with self.assertRaises(ValueError):
            integral_evaluation(0, 0, 1, math.sin)
>       with self.assertRaises(ValueError):
E       AssertionError: ValueError not raised

simpson_integration_test.py:23: AssertionError</pre>

<h3>Mutations</h3>
<ul>
    
    <li>ROR - line 7</li>
    
</ul>
<h3>Mutant</h3>
<pre class="brush: python; first-line: 1; highlight: [7]; toolbar: false;">def integral_evaluation(N, a, b, func):
    
    if (not (isinstance(N, int)) or N % 2 != 0):
        raise TypeError('N must be an even integer')
    if (not (isinstance(a, (int, float))) or not (isinstance(b, (int, float)))):
        raise TypeError('a and b must be numbers')
    if N >= 0:
        raise ValueError('N has to be >= 2')
    if a > b:
        raise ValueError('a must be less or equal than b')
    if a == b:
        return 0
    
    
    h = (b - a) / N
    
    
    xi = a
    points_array = []
    
    
    for i in range(N + 1):
        if (i == 0 or i == N):
            temp = func(xi)
        elif i % 2 == 0:
            temp = 2 * func(xi)
        else:
            temp = 4 * func(xi)
        points_array.append(temp)
        xi += h
    
    
    result = (h / 3) * sum(points_array)
    
    if result != result:
        raise ValueError("Result is NaN. The input interval doesn't belong to the function's domain")
    
    return result</pre>

    </div>
</body>
</html>